\BOOKMARK [0][]{chapter.1}{Introduction}{}% 1
\BOOKMARK [1][]{section.1.1}{Overview}{chapter.1}% 2
\BOOKMARK [1][]{section.1.2}{Project Category}{chapter.1}% 3
\BOOKMARK [1][]{section.1.3}{Objectives of the Project}{chapter.1}% 4
\BOOKMARK [1][]{section.1.4}{The Existing System}{chapter.1}% 5
\BOOKMARK [0][]{chapter.2}{Requirement Analysis and System Specification}{}% 6
\BOOKMARK [1][]{section.2.1}{Feasibility}{chapter.2}% 7
\BOOKMARK [1][]{section.2.2}{Software Requirement Specification}{chapter.2}% 8
\BOOKMARK [2][]{subsection.2.2.1}{Functional Requirements}{section.2.2}% 9
\BOOKMARK [2][]{subsection.2.2.2}{Performance Requirement}{section.2.2}% 10
\BOOKMARK [2][]{subsection.2.2.3}{Dependability Requirement}{section.2.2}% 11
\BOOKMARK [2][]{subsection.2.2.4}{Non-functional requirements}{section.2.2}% 12
\BOOKMARK [0][]{chapter.3}{System Design}{}% 13
\BOOKMARK [1][]{section.3.1}{Design Approach}{chapter.3}% 14
\BOOKMARK [1][]{section.3.2}{Design Patterns}{chapter.3}% 15
\BOOKMARK [2][]{subsection.3.2.1}{Visitor Pattern}{section.3.2}% 16
\BOOKMARK [3][]{subsubsection.3.2.1.1}{Definition}{subsection.3.2.1}% 17
\BOOKMARK [3][]{subsubsection.3.2.1.2}{Motivation}{subsection.3.2.1}% 18
\BOOKMARK [3][]{subsubsection.3.2.1.3}{Details}{subsection.3.2.1}% 19
\BOOKMARK [1][]{section.3.3}{Product Perspective}{chapter.3}% 20
\BOOKMARK [1][]{section.3.4}{Product Functions}{chapter.3}% 21
\BOOKMARK [1][]{section.3.5}{User Characteristics}{chapter.3}% 22
\BOOKMARK [2][]{subsection.3.5.1}{The General User}{section.3.5}% 23
\BOOKMARK [2][]{subsection.3.5.2}{Designers}{section.3.5}% 24
\BOOKMARK [2][]{subsection.3.5.3}{Developers}{section.3.5}% 25
\BOOKMARK [1][]{section.3.6}{Flowchart}{chapter.3}% 26
\BOOKMARK [1][]{section.3.7}{Dependency Graph}{chapter.3}% 27
\BOOKMARK [1][]{section.3.8}{Class Diagrams}{chapter.3}% 28
\BOOKMARK [1][]{section.3.9}{Dependencies}{chapter.3}% 29
\BOOKMARK [0][]{chapter.4}{Implementation Testing and Maintenance}{}% 30
\BOOKMARK [1][]{section.4.1}{C++}{chapter.4}% 31
\BOOKMARK [1][]{section.4.2}{Boost Libraries}{chapter.4}% 32
\BOOKMARK [1][]{section.4.3}{Qt}{chapter.4}% 33
\BOOKMARK [2][]{subsection.4.3.1}{Software Architecture}{section.4.3}% 34
\BOOKMARK [2][]{subsection.4.3.2}{Qt Tools}{section.4.3}% 35
\BOOKMARK [1][]{section.4.4}{Flex}{chapter.4}% 36
\BOOKMARK [1][]{section.4.5}{Bison}{chapter.4}% 37
\BOOKMARK [1][]{section.4.6}{Introduction to LaTeX}{chapter.4}% 38
\BOOKMARK [2][]{subsection.4.6.1}{Typesetting}{section.4.6}% 39
\BOOKMARK [1][]{section.4.7}{Introduction to Doxygen}{chapter.4}% 40
\BOOKMARK [2][]{subsection.4.7.1}{Features of Doxygen}{section.4.7}% 41
\BOOKMARK [1][]{section.4.8}{Introduction to Github}{chapter.4}% 42
\BOOKMARK [2][]{subsection.4.8.1}{What is Git?}{section.4.8}% 43
\BOOKMARK [1][]{section.4.9}{JSON}{chapter.4}% 44
\BOOKMARK [1][]{section.4.10}{Implementation}{chapter.4}% 45
\BOOKMARK [2][]{subsection.4.10.1}{Multithreading}{section.4.10}% 46
\BOOKMARK [2][]{subsection.4.10.2}{Halting Mechanism for Render}{section.4.10}% 47
\BOOKMARK [2][]{subsection.4.10.3}{Finding Root Tag Nodes}{section.4.10}% 48
\BOOKMARK [1][]{section.4.11}{Testing}{chapter.4}% 49
\BOOKMARK [0][]{chapter.5}{Results and Discussions}{}% 50
\BOOKMARK [0][]{chapter.6}{Conclusions and Future Scope}{}% 51
\BOOKMARK [1][]{section.6.1}{Conclusions}{chapter.6}% 52
\BOOKMARK [1][]{section.6.2}{Future Scope}{chapter.6}% 53
\BOOKMARK [0][]{section.6.2}{BIBLIOGRAPHY}{}% 54
