\BOOKMARK [0][]{chapter.1}{INTRODUCTION OF ORGANIZATION}{}% 1
\BOOKMARK [1][]{section.1.1}{Testing and Consutancy Cell}{chapter.1}% 2
\BOOKMARK [0][]{chapter.2}{Introduction To Project}{}% 3
\BOOKMARK [1][]{section.2.1}{Overview}{chapter.2}% 4
\BOOKMARK [1][]{section.2.2}{The Existing System}{chapter.2}% 5
\BOOKMARK [1][]{section.2.3}{User Requirement Analysis}{chapter.2}% 6
\BOOKMARK [2][]{subsection.2.3.1}{Functional Requirements}{section.2.3}% 7
\BOOKMARK [2][]{subsection.2.3.2}{Non functional requirements}{section.2.3}% 8
\BOOKMARK [1][]{section.2.4}{Feasibility Study}{chapter.2}% 9
\BOOKMARK [1][]{section.2.5}{Objective of Project}{chapter.2}% 10
\BOOKMARK [0][]{chapter.3}{PROJECT DESIGN}{}% 11
\BOOKMARK [1][]{section.3.1}{DFDs}{chapter.3}% 12
\BOOKMARK [1][]{section.3.2}{Flowchart}{chapter.3}% 13
\BOOKMARK [1][]{section.3.3}{Dependencies}{chapter.3}% 14
\BOOKMARK [0][]{chapter.4}{DEVELOPMENT AND IMPLEMENTATION}{}% 15
\BOOKMARK [1][]{section.4.1}{C++}{chapter.4}% 16
\BOOKMARK [1][]{section.4.2}{Flex}{chapter.4}% 17
\BOOKMARK [1][]{section.4.3}{Bison}{chapter.4}% 18
\BOOKMARK [1][]{section.4.4}{JSON}{chapter.4}% 19
\BOOKMARK [1][]{section.4.5}{Qt}{chapter.4}% 20
\BOOKMARK [1][]{section.4.6}{Introduction to LaTeX}{chapter.4}% 21
\BOOKMARK [2][]{subsection.4.6.1}{Typesetting}{section.4.6}% 22
\BOOKMARK [1][]{section.4.7}{Introduction to Doxygen}{chapter.4}% 23
\BOOKMARK [2][]{subsection.4.7.1}{Features of Doxygen}{section.4.7}% 24
\BOOKMARK [2][]{subsection.4.7.2}{Installation of Doxygen}{section.4.7}% 25
\BOOKMARK [1][]{section.4.8}{Introduction to Github}{chapter.4}% 26
\BOOKMARK [2][]{subsection.4.8.1}{What is Git?}{section.4.8}% 27
\BOOKMARK [2][]{subsection.4.8.2}{Various Git Commands}{section.4.8}% 28
\BOOKMARK [1][]{section.4.9}{Implementation}{chapter.4}% 29
\BOOKMARK [2][]{subsection.4.9.1}{Customizer}{section.4.9}% 30
\BOOKMARK [2][]{subsection.4.9.2}{Activation of Customizer functions}{section.4.9}% 31
\BOOKMARK [2][]{subsection.4.9.3}{Syntax support for generation of the customization form}{section.4.9}% 32
\BOOKMARK [2][]{subsection.4.9.4}{Creating Tabs}{section.4.9}% 33
\BOOKMARK [2][]{subsection.4.9.5}{ Saving Parameters value in JSON file}{section.4.9}% 34
\BOOKMARK [2][]{subsection.4.9.6}{Appling Parameters sets from JSON file}{section.4.9}% 35
\BOOKMARK [3][]{subsubsection.4.9.6.1}{Cmdline}{subsection.4.9.6}% 36
\BOOKMARK [3][]{subsubsection.4.9.6.2}{GUI}{subsection.4.9.6}% 37
\BOOKMARK [1][]{section.4.10}{Testing}{chapter.4}% 38
\BOOKMARK [0][]{chapter.5}{CONCLUSION AND FUTURE SCOPE}{}% 39
\BOOKMARK [0][]{chapter.6}{REFERENCES}{}% 40
\BOOKMARK [0][]{chapter.1}{Implementation Example}{}% 41
