\BOOKMARK [1][]{Doc-Start}{Abstract}{}% 1
\BOOKMARK [1][]{Doc-Start}{Acknowledgement}{}% 2
\BOOKMARK [1][]{Doc-Start}{List of Figures}{}% 3
\BOOKMARK [0][]{chapter.1}{Introduction}{}% 4
\BOOKMARK [1][]{section.1.1}{Overview}{chapter.1}% 5
\BOOKMARK [1][]{section.1.2}{Project Category}{chapter.1}% 6
\BOOKMARK [1][]{section.1.3}{Objectives of the Project}{chapter.1}% 7
\BOOKMARK [1][]{section.1.4}{The Existing System}{chapter.1}% 8
\BOOKMARK [0][]{chapter.2}{Requirement Analysis and System Specification}{}% 9
\BOOKMARK [1][]{section.2.1}{Feasibility}{chapter.2}% 10
\BOOKMARK [1][]{section.2.2}{Software Requirement Specification}{chapter.2}% 11
\BOOKMARK [2][]{subsection.2.2.1}{Functional Requirements}{section.2.2}% 12
\BOOKMARK [2][]{subsection.2.2.2}{Performance Requirement}{section.2.2}% 13
\BOOKMARK [2][]{subsection.2.2.3}{Dependability Requirement}{section.2.2}% 14
\BOOKMARK [2][]{subsection.2.2.4}{Non-functional requirements}{section.2.2}% 15
\BOOKMARK [0][]{chapter.3}{System Design}{}% 16
\BOOKMARK [1][]{section.3.1}{Design Approach}{chapter.3}% 17
\BOOKMARK [1][]{section.3.2}{Product Perspective}{chapter.3}% 18
\BOOKMARK [1][]{section.3.3}{Product Functions}{chapter.3}% 19
\BOOKMARK [1][]{section.3.4}{User Characteristics}{chapter.3}% 20
\BOOKMARK [2][]{subsection.3.4.1}{The General User}{section.3.4}% 21
\BOOKMARK [2][]{subsection.3.4.2}{Designers}{section.3.4}% 22
\BOOKMARK [2][]{subsection.3.4.3}{Developers}{section.3.4}% 23
\BOOKMARK [1][]{section.3.5}{Flowchart}{chapter.3}% 24
\BOOKMARK [1][]{section.3.6}{Dependency Graph}{chapter.3}% 25
\BOOKMARK [1][]{section.3.7}{Class Diagrams}{chapter.3}% 26
\BOOKMARK [1][]{section.3.8}{Dependencies}{chapter.3}% 27
\BOOKMARK [0][]{chapter.4}{Implementation, Testing and Maintenance}{}% 28
\BOOKMARK [1][]{section.4.1}{C++}{chapter.4}% 29
\BOOKMARK [1][]{section.4.2}{Boost Libraries}{chapter.4}% 30
\BOOKMARK [1][]{section.4.3}{Qt}{chapter.4}% 31
\BOOKMARK [1][]{section.4.4}{Introduction to LaTeX}{chapter.4}% 32
\BOOKMARK [2][]{subsection.4.4.1}{Typesetting}{section.4.4}% 33
\BOOKMARK [1][]{section.4.5}{Introduction to Doxygen}{chapter.4}% 34
\BOOKMARK [2][]{subsection.4.5.1}{Features of Doxygen}{section.4.5}% 35
\BOOKMARK [1][]{section.4.6}{Introduction to Github}{chapter.4}% 36
\BOOKMARK [2][]{subsection.4.6.1}{What is Git?}{section.4.6}% 37
\BOOKMARK [1][]{section.4.7}{JSON}{chapter.4}% 38
\BOOKMARK [1][]{section.4.8}{Implementation}{chapter.4}% 39
\BOOKMARK [2][]{subsection.4.8.1}{Multithreading}{section.4.8}% 40
\BOOKMARK [2][]{subsection.4.8.2}{Halting Mechanism for Render}{section.4.8}% 41
\BOOKMARK [2][]{subsection.4.8.3}{Finding Root Tag Nodes}{section.4.8}% 42
\BOOKMARK [1][]{section.4.9}{Testing}{chapter.4}% 43
\BOOKMARK [0][]{chapter.5}{Conclusions and Future Scope}{}% 44
\BOOKMARK [1][]{section.5.1}{Conclusions}{chapter.5}% 45
\BOOKMARK [0][]{section.5.1}{BIBLIOGRAPHY}{}% 46
